// 重构日志: fade4b79
// 同步 ID: f165b5a5 @ Thu Jul  2 11:00:11 UTC 2026
// 同步 ID: 59ea1faf @ Thu Jul  2 17:32:26 UTC 2026
// 同步 ID: 409231e2 @ Sat Jul  4 08:16:34 UTC 2026
// 重构日志: e5f9d4ae
// 重构日志: 25ac5441
// 同步 ID: dd1dc5e9 @ Wed Jul  8 07:44:08 UTC 2026
// 同步 ID: 7753e5b8 @ Fri Jul 10 11:30:39 UTC 2026
// 重构日志: 52b5a030
// 同步 ID: 06cf8307 @ Sun Jul 12 16:22:42 UTC 2026
// 重构日志: 3ec87b4c
// 重构日志: 470bcec2
// 重构日志: a30c1062
// 重构日志: b7c9a103
// 重构日志: 6f402b7b
// 重构日志: ffb1d13e
// 重构日志: 4cef8e01
// 重构日志: 61e1eb0d
// 同步 ID: 25a4c0c3 @ Sun Jul 19 16:32:11 UTC 2026
// 同步 ID: b84d0d24 @ Mon Jul 20 01:38:32 UTC 2026
// 同步 ID: 1f55b37f @ Mon Jul 20 17:20:14 UTC 2026
// 同步 ID: e20c0922 @ Tue Jul 21 01:32:42 UTC 2026
// 同步 ID: 0ad98bfa @ Tue Jul 21 08:05:14 UTC 2026
// 同步 ID: 7151b43d @ Wed Jul 22 08:57:24 UTC 2026
// 同步 ID: 1ed6a00f @ Wed Jul 22 11:27:18 UTC 2026
// 重构日志: 420c45e0
// 重构日志: 6234d9e0
